Momentum MomEngine_64 9.10.214 (*) 371.400 May 26 2011
Copyright 1992-2011, Agilent Technologies
Simulation started on: Wed Jan 15 16:32:03 2014
Simulation Mode: uW
Substrate valid
Automatically determined a snap distance of
0.0021 mil for layout healing.
Layout simplification started
.........|.........|.........|.........| 
Layout simplification finished
Generating mesh at 3 GHz...
Maximum number of threads allowed by license: 16
S-parameter simulation
S-parameter simulation started
...initializing
...analyzing ports
...extracting layout
...reducing mesh
Automatic selection: direct dense matrix solver
Using multi-threading (8 threads)
Adaptive frequency sweep started
Simulation frequency [1] = 2 GHz
...loading Green functions
...allocating interaction matrix
...loading interaction matrix
...solving interaction matrix
...calibrating ports
...calculating S-parameters
Simulation frequency [2] = 3 GHz
...loading Green functions
...loading interaction matrix
...solving interaction matrix
...calibrating ports
...calculating S-parameters
Adaptive:   0.0 % of frequency range covered
Simulation frequency [3] = 2.66667 GHz
...loading Green functions
...loading interaction matrix
...solving interaction matrix
...calibrating ports
...calculating S-parameters
Simulation frequency [4] = 2.33333 GHz
...loading Green functions
...loading interaction matrix
...solving interaction matrix
...calibrating ports
...calculating S-parameters
Simulation frequency [5] = 2.16667 GHz
...loading Green functions
...loading interaction matrix
...solving interaction matrix
...calibrating ports
...calculating S-parameters
Simulation frequency [6] = 2.83333 GHz
...loading Green functions
...loading interaction matrix
...solving interaction matrix
...calibrating ports
...calculating S-parameters
Simulation frequency [7] = 2.25 GHz
...loading Green functions
...loading interaction matrix
...solving interaction matrix
...calibrating ports
...calculating S-parameters
Simulation frequency [8] = 2.38889 GHz
...loading Green functions
...loading interaction matrix
...solving interaction matrix
...calibrating ports
...calculating S-parameters
Simulation frequency [9] = 2.43519 GHz
...loading Green functions
...loading interaction matrix
...solving interaction matrix
...calibrating ports
...calculating S-parameters
Simulation frequency [10] = 2.47377 GHz
...loading Green functions
...loading interaction matrix
...solving interaction matrix
...calibrating ports
...calculating S-parameters
Simulation frequency [11] = 2.50592 GHz
...loading Green functions
...loading interaction matrix
...solving interaction matrix
...calibrating ports
...calculating S-parameters
Simulation frequency [12] = 2.41204 GHz
...loading Green functions
...loading interaction matrix
...solving interaction matrix
...calibrating ports
...calculating S-parameters
Adaptive: 100.0 % of frequency range covered
S-parameter simulation finished
Simulation finished on: Wed Jan 15 16:32:08 2014
