Momentum MomEngine 9.20.456 (*) 372.600 Nov 12 2011
Copyright 1992-2011, Agilent Technologies
Geometry processing started on: Tue Jan 07 13:16:37 2014
Automatically determined a snap distance of
0.0021 mil for layout healing.
Layout simplification started
.........|.........|.........|.........| 
Layout simplification finished

--- WARNING -------------------------------------------------------------------

The port setup needed to be corrected:
Calibration will not be used for port "P1" (pin
"P1" is not on the edge between a conductive and
a nonconductive region).

-------------------------------------------------------------------------------

--- WARNING -------------------------------------------------------------------

The port setup needed to be corrected:
Calibration will not be used for port "P2" (pin
"P2" is not on the edge between a conductive and
a nonconductive region).

-------------------------------------------------------------------------------
Geometry processing finished on: Tue Jan 07 13:16:38 2014
