==============================================================================

                  ------ MOMENTUM STATISTICS (MW mode) ------

              Momentum MomEngine_64 11.20.082 (*) 2014.01 Feb 25 2014
                           Fri Jan 16 14:44:54 2015

==============================================================================


------------------------------------------------------------------------------
MESH
------------------------------------------------------------------------------
 Frequency          : 10 GHz

 Rectangular cells  : 1015
 Quadrangular cells : 321
 Triangular cells   : 18
 Via cells          : 0

 Edge currents      : 2460

------------------------------------------------------------------------------
SOLVER                        USER TIME      ELAPSED TIME      MEMORY         
PROCESSES                      (h:m:s)          (h:m:s)         (MB)          
------------------------------------------------------------------------------

SIMULATION SET-UP
-----------------
 Initialization           |     0: 0: 0   |     0: 0: 0   |     29.25   
 Ports analysis           |     0: 0: 0   |     0: 0: 0   |      0.16   
 Mesh processing          |     0: 0: 1   |     0: 0: 1   |     68.52   

 Matrix size : 9150
 Reduced matrix size : 6316
 Estimated process size : 1222.96 MB

1. SIMULATION FREQUENCY = 0 Hz 
-------------------------
 Green functions          |     0: 0: 1   |     0: 0: 1   |      0.37   
 Basis creation           |     0: 0: 5   |     0: 0: 2   |    139.43   
 Matrix load              |     0: 4:29   |     0: 1:35   |    229.23   
 Matrix solve             |     0: 0:31   |     0: 0:23   |     74.52   
 Port calibration         |     0: 0: 4   |     0: 0: 2   |     14.23   
 S parameters             |     0: 0: 0   |     0: 0: 0   |      0.01   

2. SIMULATION FREQUENCY = 10 GHz 
-------------------------
 Green functions          |     0: 0: 2   |     0: 0: 2   |      1.21   
 Matrix load              |     0: 4:22   |     0: 1:27   |      0.09   
 Matrix solve             |     0: 0:12   |     0: 0: 7   |      1.02   
 Port calibration         |     0: 0: 1   |     0: 0: 1   |      3.31   
 S parameters             |     0: 0: 0   |     0: 0: 0   |      0.00   
 Adaptive sampling        |     0: 0: 0   |     0: 0: 0   |      0.00   

3. SIMULATION FREQUENCY = 6.66667 GHz 
-------------------------
 Green functions          |     0: 0: 2   |     0: 0: 1   |      0.00   
 Matrix load              |     0: 4:23   |     0: 1:24   |      0.05   
 Matrix solve             |     0: 0:20   |     0: 0:10   |      1.07   
 Port calibration         |     0: 0: 1   |     0: 0: 1   |      1.32   
 S parameters             |     0: 0: 0   |     0: 0: 0   |      0.00   
 Adaptive sampling        |     0: 0: 0   |     0: 0: 0   |      0.00   

4. SIMULATION FREQUENCY = 3.33333 GHz 
-------------------------
 Green functions          |     0: 0: 1   |     0: 0: 1   |      0.00   
 Matrix load              |     0: 4:27   |     0: 1:18   |      0.05   
 Matrix solve             |     0: 0:15   |     0: 0: 9   |      1.00   
 Port calibration         |     0: 0: 2   |     0: 0: 1   |      0.00   
 S parameters             |     0: 0: 0   |     0: 0: 0   |      0.00   
 Adaptive sampling        |     0: 0: 0   |     0: 0: 0   |      0.00   

5. SIMULATION FREQUENCY = 5 GHz 
-------------------------
 Green functions          |     0: 0: 2   |     0: 0: 1   |      0.00   
 Matrix load              |     0: 4:27   |     0: 1:32   |      0.00   
 Matrix solve             |     0: 0:31   |     0: 0:19   |      0.43   
 Port calibration         |     0: 0: 2   |     0: 0: 0   |      0.00   
 S parameters             |     0: 0: 0   |     0: 0: 0   |      0.00   
 Adaptive sampling        |     0: 0: 0   |     0: 0: 1   |      0.00   

6. SIMULATION FREQUENCY = 8.33333 GHz 
-------------------------
 Green functions          |     0: 0: 1   |     0: 0: 1   |      0.00   
 Matrix load              |     0: 4:29   |     0: 1:38   |      0.00   
 Matrix solve             |     0: 0:25   |     0: 0:19   |      0.61   
 Port calibration         |     0: 0: 1   |     0: 0: 0   |      0.00   
 S parameters             |     0: 0: 0   |     0: 0: 0   |      0.00   
 Adaptive sampling        |     0: 0: 0   |     0: 0: 0   |      0.00   

7. SIMULATION FREQUENCY = 555.556 MHz 
-------------------------
 Green functions          |     0: 0: 1   |     0: 0: 1   |      0.00   
